<?xml version="1.0" encoding="UTF-8"?>
<!-- Generated by org.testng.reporters.JUnitReportReporter -->
<testsuite hostname="Mahesh" failures="0" tests="3" name="TestModules.HomePageTests" time="18.730" errors="0" timestamp="08 Jan 2024 19:24:19 GMT" skipped="0">
  <testcase classname="TestModules.HomePageTests" name="TstCreateanAccount02" time="6.298"/>
  <testcase classname="TestModules.HomePageTests" name="TstValidateSignin03" time="6.281"/>
  <testcase classname="TestModules.HomePageTests" name="TstHomePageValidation01" time="6.151"/>
</testsuite> <!-- TestModules.HomePageTests -->
