<?xml version="1.0" encoding="UTF-8"?>
<!-- Generated by org.testng.reporters.JUnitReportReporter -->
<testsuite hostname="Mahesh" failures="0" tests="1" name="Test.test2" time="1.873" errors="0" timestamp="05 Jan 2024 18:31:34 GMT" skipped="0">
  <testcase classname="Test.test2" name="fnAppLaunchtest" time="1.873"/>
</testsuite> <!-- Test.test2 -->
