<?xml version="1.0" encoding="UTF-8"?>
<!-- Generated by org.testng.reporters.JUnitReportReporter -->
<testsuite hostname="Mahesh" failures="0" tests="3" name="TestModules.OrderTests" time="15.474" errors="0" timestamp="10 Jan 2024 18:39:50 GMT" skipped="0">
  <testcase classname="TestModules.OrderTests" name="TstOrderNumberValidation" time="2.654"/>
  <testcase classname="TestModules.OrderTests" name="TstValidatePrice" time="9.810"/>
  <testcase classname="TestModules.OrderTests" name="TstViewOrder" time="3.010"/>
</testsuite> <!-- TestModules.OrderTests -->
