<?xml version="1.0" encoding="UTF-8"?>
<!-- Generated by org.testng.reporters.JUnitReportReporter -->
<testsuite hostname="Mahesh" failures="0" tests="3" name="TestModules.OrderTests" time="27.057" errors="0" timestamp="08 Jan 2024 19:24:19 GMT" skipped="0">
  <testcase classname="TestModules.OrderTests" name="TstViewOrder" time="8.595"/>
  <testcase classname="TestModules.OrderTests" name="TstOrderNumberValidation" time="9.920"/>
  <testcase classname="TestModules.OrderTests" name="TstValidatePrice" time="8.542"/>
</testsuite> <!-- TestModules.OrderTests -->
