<?xml version="1.0" encoding="UTF-8"?>
<!-- Generated by org.testng.reporters.JUnitReportReporter -->
<testsuite hostname="Mahesh" failures="0" tests="2" name="TestModules.OrderTests" time="20.354" errors="0" timestamp="05 Jan 2024 19:23:22 GMT" skipped="0">
  <testcase classname="TestModules.OrderTests" name="TstOrderNumberValidation" time="10.995"/>
  <testcase classname="TestModules.OrderTests" name="TstViewOrder" time="9.359"/>
</testsuite> <!-- TestModules.OrderTests -->
