<?xml version="1.0" encoding="UTF-8"?>
<!-- Generated by org.testng.reporters.JUnitReportReporter -->
<testsuite hostname="Mahesh" failures="0" tests="1" name="MainTests.ModuleOneTests" time="6.811" errors="0" timestamp="10 Jan 2024 19:56:38 GMT" skipped="0">
  <testcase classname="MainTests.ModuleOneTests" name="HomePageValidation" time="6.811"/>
</testsuite> <!-- MainTests.ModuleOneTests -->
